android/build/intermediates/manifest_merge_blame_file/debug/manifest-merger-blame-debug-report.txt
1<?xml version="1.0" encoding="utf-8"?>
2<manifest xmlns:android="http://schemas.android.com/apk/res/android"
3    package="com.sunmi.v2.printer" >
4
5    <uses-sdk
6        android:minSdkVersion="21"
6-->src/main/AndroidManifest.xml
7        android:targetSdkVersion="21" />
7-->src/main/AndroidManifest.xml
8
9    <application>
9-->src/main/AndroidManifest.xml:2:3-25:17
10        <receiver
10-->src/main/AndroidManifest.xml:3:3-24:14
11            android:name="com.sunmi.v2.printer.PrinterReceiver"
11-->src/main/AndroidManifest.xml:3:13-64
12            android:enabled="true"
12-->src/main/AndroidManifest.xml:3:65-87
13            android:exported="true" >
13-->src/main/AndroidManifest.xml:3:88-111
14            <intent-filter android:priority="1000" >
14-->src/main/AndroidManifest.xml:4:7-23:23
14-->src/main/AndroidManifest.xml:4:22-45
15
16                <!-- 缺纸异常 -->
17                <action android:name="woyou.aidlservice.jiuv5.OUT_OF_PAPER_ACTION" />
17-->src/main/AndroidManifest.xml:6:9-78
17-->src/main/AndroidManifest.xml:6:17-75
18                <!-- 打印错误 -->
19                <action android:name="woyou.aidlservice.jiuv5.ERROR_ACTION" />
19-->src/main/AndroidManifest.xml:8:9-71
19-->src/main/AndroidManifest.xml:8:17-68
20                <!-- 可以打印 -->
21                <action android:name="woyou.aidlservice.jiuv5.NORMAL_ACTION" />
21-->src/main/AndroidManifest.xml:10:9-72
21-->src/main/AndroidManifest.xml:10:17-69
22                <!-- 开盖子 -->
23                <action android:name="woyou.aidlservice.jiuv5.COVER_OPEN_ACTION" />
23-->src/main/AndroidManifest.xml:12:9-76
23-->src/main/AndroidManifest.xml:12:17-73
24                <!-- 关盖子异常 -->
25                <action android:name="woyou.aidlservice.jiuv5.COVER_ERROR_ACTION" />
25-->src/main/AndroidManifest.xml:14:9-77
25-->src/main/AndroidManifest.xml:14:17-74
26                <!-- 切刀异常1－卡切刀 -->
27                <action android:name="woyou.aidlservice.jiuv5.KNIFE_ERROR_ACTION_1" />
27-->src/main/AndroidManifest.xml:16:9-79
27-->src/main/AndroidManifest.xml:16:17-76
28                <!-- 切刀异常2－切刀修复 -->
29                <action android:name="woyou.aidlservice.jiuv5.KNIFE_ERROR_ACTION_2" />
29-->src/main/AndroidManifest.xml:18:9-79
29-->src/main/AndroidManifest.xml:18:17-76
30                <!-- 打印头过热异常 -->
31                <action android:name="woyou.aidlservice.jiuv5.OVER_HEATING_ACITON" />
31-->src/main/AndroidManifest.xml:20:9-78
31-->src/main/AndroidManifest.xml:20:17-75
32                <!-- 打印机固件开始升级 -->
33                <action android:name="woyou.aidlservice.jiuv5.FIRMWARE_UPDATING_ACITON" />
33-->src/main/AndroidManifest.xml:22:9-83
33-->src/main/AndroidManifest.xml:22:17-80
34            </intent-filter>
35        </receiver>
36    </application>
37
38</manifest>